<?xml version="1.0" encoding="UTF-8"?>
<testsuite xmlns:xsi="http://www.w3.org/2001/XMLSchema-instance" xsi:noNamespaceSchemaLocation="https://maven.apache.org/surefire/maven-surefire-plugin/xsd/surefire-test-report-3.0.xsd" version="3.0" name="com.udacity.catpoint.service.SecurityServiceTest" time="5.028" tests="12" errors="0" skipped="0" failures="0">
  <properties>
[...]
</properties>
  <testcase name="pendingAlarm_allSensorsInactive_setNoAlarm" classname="com.udacity.catpoint.service.SecurityServiceTest" time="4.595"/>
  <testcase name="cameraShowsNoCat_noActiveSensors_setNoAlarm" classname="com.udacity.catpoint.service.SecurityServiceTest" time="0.038"/>
  <testcase name="armedSystem_sensorActivated_alreadyPending_setAlarm" classname="com.udacity.catpoint.service.SecurityServiceTest" time="0.012"/>
  <testcase name="cameraShowsCat_systemArmedHome_setAlarm" classname="com.udacity.catpoint.service.SecurityServiceTest" time="0.007"/>
  <testcase name="alarmActive_sensorStateChange_noAlarmChange" classname="com.udacity.catpoint.service.SecurityServiceTest" time="0.01"/>
  <testcase name="sensorAlreadyInactive_deactivated_noAlarmChange" classname="com.udacity.catpoint.service.SecurityServiceTest" time="0.007"/>
  <testcase name="systemDisarmed_setNoAlarm" classname="com.udacity.catpoint.service.SecurityServiceTest" time="0.009"/>
  <testcase name="armedSystem_sensorActivated_setPendingAlarm" classname="com.udacity.catpoint.service.SecurityServiceTest" time="0.006"/>
  <testcase name="sensorAlreadyActive_activatedAgain_pendingState_setAlarm" classname="com.udacity.catpoint.service.SecurityServiceTest" time="0.008"/>
  <testcase name="systemArmed_allSensorsResetToInactive(ArmingStatus)[1]" classname="com.udacity.catpoint.service.SecurityServiceTest" time="0.07"/>
  <testcase name="systemArmed_allSensorsResetToInactive(ArmingStatus)[2]" classname="com.udacity.catpoint.service.SecurityServiceTest" time="0.008"/>
  <testcase name="systemArmedHome_catAlreadyDetected_setAlarm" classname="com.udacity.catpoint.service.SecurityServiceTest" time="0.008"/>
</testsuite>